{
  "stats": {
    "suites": 1,
    "tests": 1,
    "passes": 1,
    "pending": 0,
    "failures": 0,
    "start": "2018-11-21T04:04:25.991Z",
    "end": "2018-11-21T04:04:26.003Z",
    "duration": 12,
    "testsRegistered": 1,
    "passPercent": 100,
    "pendingPercent": 0,
    "other": 0,
    "hasOther": false,
    "skipped": 0,
    "hasSkipped": false,
    "passPercentClass": "success",
    "pendingPercentClass": "danger"
  },
  "suites": {
    "uuid": "5115ed73-e26a-4135-863a-264cad68184c",
    "title": "",
    "fullFile": "",
    "file": "",
    "beforeHooks": [],
    "afterHooks": [],
    "tests": [],
    "suites": [
      {
        "uuid": "f5b3b979-54ca-4359-9df7-9c5022c38732",
        "title": "a thing",
        "fullFile": "/Users/mwal47/dev/tinkers/graphql-projects/graphql-dynamo-poc/test/indexSpec.js",
        "file": "/test/indexSpec.js",
        "beforeHooks": [],
        "afterHooks": [],
        "tests": [
          {
            "title": "should be true",
            "fullTitle": "a thing should be true",
            "timedOut": false,
            "duration": 0,
            "state": "passed",
            "speed": "fast",
            "pass": true,
            "fail": false,
            "pending": false,
            "code": "expect(true).to.be.true;",
            "err": {},
            "isRoot": false,
            "uuid": "f514155e-6073-4807-8867-b23217dfc601",
            "isHook": false,
            "skipped": false
          }
        ],
        "suites": [],
        "passes": [
          "f514155e-6073-4807-8867-b23217dfc601"
        ],
        "failures": [],
        "pending": [],
        "skipped": [],
        "duration": 0,
        "root": false,
        "rootEmpty": false,
        "_timeout": 2000
      }
    ],
    "passes": [],
    "failures": [],
    "pending": [],
    "skipped": [],
    "duration": 0,
    "root": true,
    "rootEmpty": true,
    "_timeout": 2000
  },
  "copyrightYear": 2018
}